<?xml version="1.0" encoding="UTF-8"?>
<!-- Generated by org.testng.reporters.JUnitReportReporter -->
<testsuite hostname="DESKTOP-8GKBCM9" failures="0" tests="1" name="Testng.day2" time="0.002" errors="0" timestamp="2025-07-19T07:43:32 IST" skipped="0">
  <testcase classname="Testng.day2" name="bus" time="0.002"/>
</testsuite> <!-- Testng.day2 -->
