<?xml version="1.0" encoding="UTF-8"?>
<!-- Generated by org.testng.reporters.JUnitReportReporter -->
<testsuite hostname="DESKTOP-8GKBCM9" failures="0" tests="8" name="Testng.day4helperattribute" time="0.046" errors="0" timestamp="2025-07-17T22:24:03 IST" skipped="2">
  <testcase classname="Testng.day4helperattribute" name="logout" time="0.005"/>
  <testcase classname="Testng.day4helperattribute" name="banana" time="0.008"/>
  <testcase classname="Testng.day4helperattribute" name="account" time="0.003"/>
  <testcase classname="Testng.day4helperattribute" name="signup" time="0.002"/>
  <testcase classname="Testng.day4helperattribute" name="bankbalance" time="0.026"/>
  <testcase classname="Testng.day4helperattribute" name="cat" time="0.002"/>
  <testcase classname="Testng.day4helperattribute" name="history">
    <skipped/>
  </testcase> <!-- history -->
  <testcase classname="Testng.day4helperattribute" name="cars">
    <skipped/>
  </testcase> <!-- cars -->
</testsuite> <!-- Testng.day4helperattribute -->
