<?xml version="1.0" encoding="UTF-8"?>
<!-- Generated by org.testng.reporters.JUnitReportReporter -->
<testsuite hostname="DESKTOP-8GKBCM9" failures="0" tests="1" name="Testng.day1withoutmainmethod" time="0.019" errors="0" timestamp="2025-07-19T07:43:32 IST" skipped="0">
  <testcase classname="Testng.day1withoutmainmethod" name="jeep" time="0.019"/>
</testsuite> <!-- Testng.day1withoutmainmethod -->
