<?xml version="1.0" encoding="UTF-8"?>
<!-- Generated by org.testng.reporters.JUnitReportReporter -->
<testsuite hostname="DESKTOP-8GKBCM9" failures="0" tests="1" name="Testng.day3annotations" time="0.002" errors="0" timestamp="2025-07-19T07:43:32 IST" skipped="0">
  <testcase classname="Testng.day3annotations" name="method4" time="0.002"/>
</testsuite> <!-- Testng.day3annotations -->
