<?xml version="1.0" encoding="UTF-8"?>
<!-- Generated by org.testng.reporters.JUnitReportReporter -->
<testsuite hostname="DESKTOP-8GKBCM9" failures="0" tests="1" name="Testng.day1withoutjavacomplier" time="0.009" errors="0" timestamp="2025-06-30T13:38:43 IST" skipped="0">
  <testcase classname="Testng.day1withoutjavacomplier" name="method1" time="0.009"/>
</testsuite> <!-- Testng.day1withoutjavacomplier -->
